<?xml version="1.0" encoding="UTF-8"?>
<!-- Generated by org.testng.reporters.JUnitReportReporter -->
<testsuite hostname="DESKTOP-TOM6PHE" failures="0" tests="1" name="mySeleniumProjectsRestAssured.RESTAssuredPOSTRequest" time="1.782" errors="0" timestamp="04 May 2020 14:14:59 GMT" skipped="0">
  <testcase classname="mySeleniumProjectsRestAssured.RESTAssuredPOSTRequest" name="RESTAssuredPOST" time="1.782"/>
</testsuite> <!-- mySeleniumProjectsRestAssured.RESTAssuredPOSTRequest -->
