<?xml version="1.0" encoding="UTF-8"?>
<!-- Generated by org.testng.reporters.JUnitReportReporter -->
<testsuite hostname="DESKTOP-TOM6PHE" failures="0" tests="1" name="mySeleniumProjectsRestAssured.RESTAssuredGET" time="2.722" errors="0" timestamp="04 May 2020 14:12:01 GMT" skipped="0">
  <testcase classname="mySeleniumProjectsRestAssured.RESTAssuredGET" name="myCityLoop" time="2.722"/>
</testsuite> <!-- mySeleniumProjectsRestAssured.RESTAssuredGET -->
