<?xml version="1.0" encoding="UTF-8"?>
<!-- Generated by org.testng.reporters.JUnitReportReporter -->
<testsuite hostname="DESKTOP-TOM6PHE" failures="0" tests="1" name="mySeleniumProjectsRestAssured.RESTAssuredJSONTests" time="1.079" errors="0" timestamp="02 May 2020 20:56:48 GMT" skipped="0">
  <testcase classname="mySeleniumProjectsRestAssured.RESTAssuredJSONTests" name="getWeatherDetails" time="1.079"/>
</testsuite> <!-- mySeleniumProjectsRestAssured.RESTAssuredJSONTests -->
